Build started 9/23/2012 1:27:13 AM.
     1>Project "C:\Users\Aparajith Sairam\Documents\MS CGGT\GPU Fall 2012\Project1-Raytracer\PROJ1_WIN\565Raytracer\565Raytracer.vcxproj" on node 2 (build target(s)).
     1>InitializeBuildStatus:
         Creating "Release\565Raytracer.unsuccessfulbuild" because "AlwaysCreate" was specified.
       AddCudaCompileDeps:
       Skipping target "AddCudaCompileDeps" because all output files are up-to-date with respect to the input files.
       AddCudaCompilePropsDeps:
       Skipping target "AddCudaCompilePropsDeps" because all output files are up-to-date with respect to the input files.
       CudaBuild:
       Skipping target "CudaBuild" because all output files are up-to-date with respect to the input files.
       ClCompile:
         c:\Program Files (x86)\Microsoft Visual Studio 10.0\VC\bin\CL.exe /c /I"C:\Program Files\NVIDIA GPU Computing Toolkit\CUDA\v4.2\include" /I"C:\ProgramData\NVIDIA Corporation\NVIDIA GPU Computing SDK 4.2\C\common\inc" /I../shared/glew/include /I../shared/freeglut/include /I"C:\Program Files\NVIDIA GPU Computing Toolkit\CUDA\v4.2\include" /Zi /nologo /W3 /WX- /O2 /Oi /Oy- /GL /D WIN32 /D NDEBUG /D _CONSOLE /D _UNICODE /D UNICODE /Gm- /EHsc /MD /GS /Gy /fp:precise /Zc:wchar_t /Zc:forScope /Fo"Release\\" /Fd"Release\vc100.pdb" /Gd /TP /analyze- /errorReport:prompt ..\..\src\main.cpp
         main.cpp
         Note: including lib: glut32.lib
         
     1>..\..\src\main.cpp(108): warning C4018: '<' : signed/unsigned mismatch
     1>..\..\src\main.cpp(118): warning C4018: '<' : signed/unsigned mismatch
     1>..\..\src\main.cpp(121): warning C4018: '<' : signed/unsigned mismatch
         All outputs are up-to-date.
       Link:
         c:\Program Files (x86)\Microsoft Visual Studio 10.0\VC\bin\link.exe /ERRORREPORT:PROMPT /OUT:"C:\Users\Aparajith Sairam\Documents\MS CGGT\GPU Fall 2012\Project1-Raytracer\PROJ1_WIN\Release\565Raytracer.exe" /INCREMENTAL:NO /NOLOGO /LIBPATH:../shared/glew/lib /LIBPATH:../shared/freeglut/lib /LIBPATH:"C:\Program Files\NVIDIA GPU Computing Toolkit\CUDA\v4.2\lib\Win32" cudart.lib glew32.lib glu32.lib opengl32.lib kernel32.lib user32.lib gdi32.lib winspool.lib comdlg32.lib advapi32.lib shell32.lib ole32.lib oleaut32.lib uuid.lib odbc32.lib odbccp32.lib kernel32.lib user32.lib gdi32.lib winspool.lib comdlg32.lib advapi32.lib shell32.lib ole32.lib oleaut32.lib uuid.lib odbc32.lib odbccp32.lib /MANIFEST /ManifestFile:"Release\565Raytracer.exe.intermediate.manifest" /MANIFESTUAC:"level='asInvoker' uiAccess='false'" /DEBUG /PDB:"C:\Users\Aparajith Sairam\Documents\MS CGGT\GPU Fall 2012\Project1-Raytracer\PROJ1_WIN\Release\565Raytracer.pdb" /SUBSYSTEM:CONSOLE /OPT:REF /OPT:ICF /LTCG /TLBID:1 /ENTRY:"mainCRTStartup" /DYNAMICBASE /NXCOMPAT /IMPLIB:"C:\Users\Aparajith Sairam\Documents\MS CGGT\GPU Fall 2012\Project1-Raytracer\PROJ1_WIN\Release\565Raytracer.lib" /MACHINE:X86 "C:\Users\Aparajith Sairam\Documents\MS CGGT\GPU Fall 2012\Project1-Raytracer\PROJ1_WIN\565Raytracer\Win32/Release/raytraceKernel.cu.obj"
         Release\glslUtility.obj
         Release\image.obj
         Release\main.obj
         Release\scene.obj
         Release\stb_image.obj
         Release\stb_image_write.obj
         Release\utilities.obj
         Generating code
         Finished generating code
         565Raytracer.vcxproj -> C:\Users\Aparajith Sairam\Documents\MS CGGT\GPU Fall 2012\Project1-Raytracer\PROJ1_WIN\Release\565Raytracer.exe
       Manifest:
         C:\Program Files (x86)\Microsoft SDKs\Windows\v7.0A\bin\mt.exe /nologo /verbose /outputresource:"C:\Users\Aparajith Sairam\Documents\MS CGGT\GPU Fall 2012\Project1-Raytracer\PROJ1_WIN\Release\565Raytracer.exe;#1" /manifest Release\565Raytracer.exe.intermediate.manifest
       FinalizeBuildStatus:
         Deleting file "Release\565Raytracer.unsuccessfulbuild".
         Touching "Release\565Raytracer.lastbuildstate".
     1>Done Building Project "C:\Users\Aparajith Sairam\Documents\MS CGGT\GPU Fall 2012\Project1-Raytracer\PROJ1_WIN\565Raytracer\565Raytracer.vcxproj" (build target(s)).

Build succeeded.

Time Elapsed 00:00:02.97
